<?xml version="1.0" encoding="UTF-8"?>
<persistence xmlns="http://java.sun.com/xml/ns/persistence" version="2.0">
    <persistence-unit name="petzila-api-pu" transaction-type="JTA">
        <provider>org.hibernate.jpa.HibernatePersistenceProvider</provider>
        <jta-data-source>java:jboss/datasources/ExampleDS</jta-data-source>

        <mapping-file>META-INF/queries/user-finder-queries.xml</mapping-file>
        <mapping-file>META-INF/queries/indie-user-finder-queries.xml</mapping-file>

        <properties>
            <property name="hibernate.dialect" value="org.hibernate.dialect.H2Dialect" />
            <property name="hibernate.hbm2ddl.auto" value="update" />
            <!--<property name="javax.persistence.jdbc.driver" value="org.apache.derby.jdbc.EmbeddedDriver"/>-->
            <!--<property name="javax.persistence.jdbc.url" value="jdbc:derby:target/databases/derby;create=true"/>-->
            <property name="eclipselink.ddl-generation" value="drop-and-create-tables"/>
            <property name="eclipselink.logging.level.sql" value="FINE"/>
            <property name="eclipselink.logging.parameters" value="true"/>
        </properties>
    </persistence-unit>
</persistence>